<?xml version="1.0" encoding="UTF-8"?>
<testsuite xmlns:xsi="http://www.w3.org/2001/XMLSchema-instance" xsi:noNamespaceSchemaLocation="https://maven.apache.org/surefire/maven-surefire-plugin/xsd/surefire-test-report-3.0.xsd" version="3.0" name="com.prescribenow.ffsdk.launchdarkly.utils.LaunchDarklyUtilsTest" time="1.17" tests="1" errors="0" skipped="0" failures="0">
  <properties>
    <property name="java.specification.version" value="17"/>
    <property name="sun.jnu.encoding" value="UTF-8"/>
    <property name="java.class.path" value="/Users/bulandmalik/git/personal/myownstuff/javaprojects/featureflag-sdk/target/test-classes:/Users/bulandmalik/git/personal/myownstuff/javaprojects/featureflag-sdk/target/classes:/Users/bulandmalik/.m2/repository/org/springframework/spring-core/5.2.5.RELEASE/spring-core-5.2.5.RELEASE.jar:/Users/bulandmalik/.m2/repository/org/springframework/spring-jcl/5.2.5.RELEASE/spring-jcl-5.2.5.RELEASE.jar:/Users/bulandmalik/.m2/repository/org/springframework/spring-context/5.2.5.RELEASE/spring-context-5.2.5.RELEASE.jar:/Users/bulandmalik/.m2/repository/org/springframework/spring-aop/5.2.5.RELEASE/spring-aop-5.2.5.RELEASE.jar:/Users/bulandmalik/.m2/repository/org/springframework/spring-beans/5.2.5.RELEASE/spring-beans-5.2.5.RELEASE.jar:/Users/bulandmalik/.m2/repository/org/springframework/spring-expression/5.2.5.RELEASE/spring-expression-5.2.5.RELEASE.jar:/Users/bulandmalik/.m2/repository/org/springframework/boot/spring-boot-starter-web/2.7.4/spring-boot-starter-web-2.7.4.jar:/Users/bulandmalik/.m2/repository/org/springframework/boot/spring-boot-starter/2.7.4/spring-boot-starter-2.7.4.jar:/Users/bulandmalik/.m2/repository/org/springframework/boot/spring-boot/2.7.4/spring-boot-2.7.4.jar:/Users/bulandmalik/.m2/repository/org/springframework/boot/spring-boot-autoconfigure/2.7.4/spring-boot-autoconfigure-2.7.4.jar:/Users/bulandmalik/.m2/repository/org/springframework/boot/spring-boot-starter-logging/2.7.4/spring-boot-starter-logging-2.7.4.jar:/Users/bulandmalik/.m2/repository/ch/qos/logback/logback-classic/1.2.11/logback-classic-1.2.11.jar:/Users/bulandmalik/.m2/repository/ch/qos/logback/logback-core/1.2.11/logback-core-1.2.11.jar:/Users/bulandmalik/.m2/repository/org/apache/logging/log4j/log4j-to-slf4j/2.12.1/log4j-to-slf4j-2.12.1.jar:/Users/bulandmalik/.m2/repository/org/apache/logging/log4j/log4j-api/2.12.1/log4j-api-2.12.1.jar:/Users/bulandmalik/.m2/repository/org/slf4j/jul-to-slf4j/1.7.36/jul-to-slf4j-1.7.36.jar:/Users/bulandmalik/.m2/repository/jakarta/annotation/jakarta.annotation-api/1.3.5/jakarta.annotation-api-1.3.5.jar:/Users/bulandmalik/.m2/repository/org/yaml/snakeyaml/1.30/snakeyaml-1.30.jar:/Users/bulandmalik/.m2/repository/org/springframework/boot/spring-boot-starter-json/2.7.4/spring-boot-starter-json-2.7.4.jar:/Users/bulandmalik/.m2/repository/com/fasterxml/jackson/core/jackson-databind/2.10.3/jackson-databind-2.10.3.jar:/Users/bulandmalik/.m2/repository/com/fasterxml/jackson/core/jackson-annotations/2.10.3/jackson-annotations-2.10.3.jar:/Users/bulandmalik/.m2/repository/com/fasterxml/jackson/core/jackson-core/2.10.3/jackson-core-2.10.3.jar:/Users/bulandmalik/.m2/repository/com/fasterxml/jackson/datatype/jackson-datatype-jdk8/2.10.3/jackson-datatype-jdk8-2.10.3.jar:/Users/bulandmalik/.m2/repository/com/fasterxml/jackson/datatype/jackson-datatype-jsr310/2.10.3/jackson-datatype-jsr310-2.10.3.jar:/Users/bulandmalik/.m2/repository/com/fasterxml/jackson/module/jackson-module-parameter-names/2.10.3/jackson-module-parameter-names-2.10.3.jar:/Users/bulandmalik/.m2/repository/org/springframework/boot/spring-boot-starter-tomcat/2.7.4/spring-boot-starter-tomcat-2.7.4.jar:/Users/bulandmalik/.m2/repository/org/apache/tomcat/embed/tomcat-embed-core/9.0.65/tomcat-embed-core-9.0.65.jar:/Users/bulandmalik/.m2/repository/org/apache/tomcat/embed/tomcat-embed-el/9.0.65/tomcat-embed-el-9.0.65.jar:/Users/bulandmalik/.m2/repository/org/apache/tomcat/embed/tomcat-embed-websocket/9.0.65/tomcat-embed-websocket-9.0.65.jar:/Users/bulandmalik/.m2/repository/org/springframework/spring-web/5.2.5.RELEASE/spring-web-5.2.5.RELEASE.jar:/Users/bulandmalik/.m2/repository/org/springframework/spring-webmvc/5.2.5.RELEASE/spring-webmvc-5.2.5.RELEASE.jar:/Users/bulandmalik/.m2/repository/com/launchdarkly/launchdarkly-java-server-sdk/6.0.1/launchdarkly-java-server-sdk-6.0.1.jar:/Users/bulandmalik/.m2/repository/org/apache/commons/commons-lang3/3.12.0/commons-lang3-3.12.0.jar:/Users/bulandmalik/.m2/repository/commons-collections/commons-collections/3.2.1/commons-collections-3.2.1.jar:/Users/bulandmalik/.m2/repository/org/projectlombok/lombok/1.18.22/lombok-1.18.22.jar:/Users/bulandmalik/.m2/repository/javax/annotation/javax.annotation-api/1.3.2/javax.annotation-api-1.3.2.jar:/Users/bulandmalik/.m2/repository/org/mockito/mockito-core/3.7.0/mockito-core-3.7.0.jar:/Users/bulandmalik/.m2/repository/net/bytebuddy/byte-buddy/1.12.17/byte-buddy-1.12.17.jar:/Users/bulandmalik/.m2/repository/net/bytebuddy/byte-buddy-agent/1.12.17/byte-buddy-agent-1.12.17.jar:/Users/bulandmalik/.m2/repository/org/objenesis/objenesis/3.1/objenesis-3.1.jar:/Users/bulandmalik/.m2/repository/org/mockito/mockito-inline/3.7.0/mockito-inline-3.7.0.jar:/Users/bulandmalik/.m2/repository/org/mockito/mockito-junit-jupiter/3.7.0/mockito-junit-jupiter-3.7.0.jar:/Users/bulandmalik/.m2/repository/org/junit/jupiter/junit-jupiter-api/5.5.2/junit-jupiter-api-5.5.2.jar:/Users/bulandmalik/.m2/repository/org/apiguardian/apiguardian-api/1.1.0/apiguardian-api-1.1.0.jar:/Users/bulandmalik/.m2/repository/org/opentest4j/opentest4j/1.2.0/opentest4j-1.2.0.jar:/Users/bulandmalik/.m2/repository/org/junit/platform/junit-platform-commons/1.5.2/junit-platform-commons-1.5.2.jar:/Users/bulandmalik/.m2/repository/org/junit/jupiter/junit-jupiter/5.8.2/junit-jupiter-5.8.2.jar:/Users/bulandmalik/.m2/repository/org/junit/jupiter/junit-jupiter-params/5.5.2/junit-jupiter-params-5.5.2.jar:/Users/bulandmalik/.m2/repository/org/junit/jupiter/junit-jupiter-engine/5.5.2/junit-jupiter-engine-5.5.2.jar:/Users/bulandmalik/.m2/repository/org/junit/platform/junit-platform-engine/1.5.2/junit-platform-engine-1.5.2.jar:/Users/bulandmalik/.m2/repository/org/springframework/boot/spring-boot-starter-test/2.7.4/spring-boot-starter-test-2.7.4.jar:/Users/bulandmalik/.m2/repository/org/springframework/boot/spring-boot-test/2.7.4/spring-boot-test-2.7.4.jar:/Users/bulandmalik/.m2/repository/org/springframework/boot/spring-boot-test-autoconfigure/2.7.4/spring-boot-test-autoconfigure-2.7.4.jar:/Users/bulandmalik/.m2/repository/com/jayway/jsonpath/json-path/2.7.0/json-path-2.7.0.jar:/Users/bulandmalik/.m2/repository/net/minidev/json-smart/2.4.8/json-smart-2.4.8.jar:/Users/bulandmalik/.m2/repository/net/minidev/accessors-smart/2.4.8/accessors-smart-2.4.8.jar:/Users/bulandmalik/.m2/repository/org/ow2/asm/asm/9.1/asm-9.1.jar:/Users/bulandmalik/.m2/repository/org/slf4j/slf4j-api/1.7.36/slf4j-api-1.7.36.jar:/Users/bulandmalik/.m2/repository/jakarta/xml/bind/jakarta.xml.bind-api/2.3.3/jakarta.xml.bind-api-2.3.3.jar:/Users/bulandmalik/.m2/repository/jakarta/activation/jakarta.activation-api/1.2.2/jakarta.activation-api-1.2.2.jar:/Users/bulandmalik/.m2/repository/org/assertj/assertj-core/3.22.0/assertj-core-3.22.0.jar:/Users/bulandmalik/.m2/repository/org/hamcrest/hamcrest/2.2/hamcrest-2.2.jar:/Users/bulandmalik/.m2/repository/org/skyscreamer/jsonassert/1.5.1/jsonassert-1.5.1.jar:/Users/bulandmalik/.m2/repository/com/vaadin/external/google/android-json/0.0.20131108.vaadin1/android-json-0.0.20131108.vaadin1.jar:/Users/bulandmalik/.m2/repository/org/springframework/spring-test/5.2.5.RELEASE/spring-test-5.2.5.RELEASE.jar:/Users/bulandmalik/.m2/repository/org/xmlunit/xmlunit-core/2.9.0/xmlunit-core-2.9.0.jar:"/>
    <property name="java.vm.vendor" value="Eclipse Adoptium"/>
    <property name="sun.arch.data.model" value="64"/>
    <property name="java.vendor.url" value="https://adoptium.net/"/>
    <property name="user.timezone" value="America/Los_Angeles"/>
    <property name="os.name" value="Mac OS X"/>
    <property name="java.vm.specification.version" value="17"/>
    <property name="sun.java.launcher" value="SUN_STANDARD"/>
    <property name="user.country" value="US"/>
    <property name="sun.boot.library.path" value="/Library/Java/JavaVirtualMachines/temurin-17.jdk/Contents/Home/lib"/>
    <property name="sun.java.command" value="/Users/bulandmalik/git/personal/myownstuff/javaprojects/featureflag-sdk/target/surefire/surefirebooter-20230109221059412_5.jar /Users/bulandmalik/git/personal/myownstuff/javaprojects/featureflag-sdk/target/surefire 2023-01-09T22-10-59_201-jvmRun1 surefire-20230109221059412_1tmp surefire_1-20230109221059412_3tmp"/>
    <property name="http.nonProxyHosts" value="local|*.local|169.254/16|*.169.254/16"/>
    <property name="jdk.debug" value="release"/>
    <property name="surefire.test.class.path" value="/Users/bulandmalik/git/personal/myownstuff/javaprojects/featureflag-sdk/target/test-classes:/Users/bulandmalik/git/personal/myownstuff/javaprojects/featureflag-sdk/target/classes:/Users/bulandmalik/.m2/repository/org/springframework/spring-core/5.2.5.RELEASE/spring-core-5.2.5.RELEASE.jar:/Users/bulandmalik/.m2/repository/org/springframework/spring-jcl/5.2.5.RELEASE/spring-jcl-5.2.5.RELEASE.jar:/Users/bulandmalik/.m2/repository/org/springframework/spring-context/5.2.5.RELEASE/spring-context-5.2.5.RELEASE.jar:/Users/bulandmalik/.m2/repository/org/springframework/spring-aop/5.2.5.RELEASE/spring-aop-5.2.5.RELEASE.jar:/Users/bulandmalik/.m2/repository/org/springframework/spring-beans/5.2.5.RELEASE/spring-beans-5.2.5.RELEASE.jar:/Users/bulandmalik/.m2/repository/org/springframework/spring-expression/5.2.5.RELEASE/spring-expression-5.2.5.RELEASE.jar:/Users/bulandmalik/.m2/repository/org/springframework/boot/spring-boot-starter-web/2.7.4/spring-boot-starter-web-2.7.4.jar:/Users/bulandmalik/.m2/repository/org/springframework/boot/spring-boot-starter/2.7.4/spring-boot-starter-2.7.4.jar:/Users/bulandmalik/.m2/repository/org/springframework/boot/spring-boot/2.7.4/spring-boot-2.7.4.jar:/Users/bulandmalik/.m2/repository/org/springframework/boot/spring-boot-autoconfigure/2.7.4/spring-boot-autoconfigure-2.7.4.jar:/Users/bulandmalik/.m2/repository/org/springframework/boot/spring-boot-starter-logging/2.7.4/spring-boot-starter-logging-2.7.4.jar:/Users/bulandmalik/.m2/repository/ch/qos/logback/logback-classic/1.2.11/logback-classic-1.2.11.jar:/Users/bulandmalik/.m2/repository/ch/qos/logback/logback-core/1.2.11/logback-core-1.2.11.jar:/Users/bulandmalik/.m2/repository/org/apache/logging/log4j/log4j-to-slf4j/2.12.1/log4j-to-slf4j-2.12.1.jar:/Users/bulandmalik/.m2/repository/org/apache/logging/log4j/log4j-api/2.12.1/log4j-api-2.12.1.jar:/Users/bulandmalik/.m2/repository/org/slf4j/jul-to-slf4j/1.7.36/jul-to-slf4j-1.7.36.jar:/Users/bulandmalik/.m2/repository/jakarta/annotation/jakarta.annotation-api/1.3.5/jakarta.annotation-api-1.3.5.jar:/Users/bulandmalik/.m2/repository/org/yaml/snakeyaml/1.30/snakeyaml-1.30.jar:/Users/bulandmalik/.m2/repository/org/springframework/boot/spring-boot-starter-json/2.7.4/spring-boot-starter-json-2.7.4.jar:/Users/bulandmalik/.m2/repository/com/fasterxml/jackson/core/jackson-databind/2.10.3/jackson-databind-2.10.3.jar:/Users/bulandmalik/.m2/repository/com/fasterxml/jackson/core/jackson-annotations/2.10.3/jackson-annotations-2.10.3.jar:/Users/bulandmalik/.m2/repository/com/fasterxml/jackson/core/jackson-core/2.10.3/jackson-core-2.10.3.jar:/Users/bulandmalik/.m2/repository/com/fasterxml/jackson/datatype/jackson-datatype-jdk8/2.10.3/jackson-datatype-jdk8-2.10.3.jar:/Users/bulandmalik/.m2/repository/com/fasterxml/jackson/datatype/jackson-datatype-jsr310/2.10.3/jackson-datatype-jsr310-2.10.3.jar:/Users/bulandmalik/.m2/repository/com/fasterxml/jackson/module/jackson-module-parameter-names/2.10.3/jackson-module-parameter-names-2.10.3.jar:/Users/bulandmalik/.m2/repository/org/springframework/boot/spring-boot-starter-tomcat/2.7.4/spring-boot-starter-tomcat-2.7.4.jar:/Users/bulandmalik/.m2/repository/org/apache/tomcat/embed/tomcat-embed-core/9.0.65/tomcat-embed-core-9.0.65.jar:/Users/bulandmalik/.m2/repository/org/apache/tomcat/embed/tomcat-embed-el/9.0.65/tomcat-embed-el-9.0.65.jar:/Users/bulandmalik/.m2/repository/org/apache/tomcat/embed/tomcat-embed-websocket/9.0.65/tomcat-embed-websocket-9.0.65.jar:/Users/bulandmalik/.m2/repository/org/springframework/spring-web/5.2.5.RELEASE/spring-web-5.2.5.RELEASE.jar:/Users/bulandmalik/.m2/repository/org/springframework/spring-webmvc/5.2.5.RELEASE/spring-webmvc-5.2.5.RELEASE.jar:/Users/bulandmalik/.m2/repository/com/launchdarkly/launchdarkly-java-server-sdk/6.0.1/launchdarkly-java-server-sdk-6.0.1.jar:/Users/bulandmalik/.m2/repository/org/apache/commons/commons-lang3/3.12.0/commons-lang3-3.12.0.jar:/Users/bulandmalik/.m2/repository/commons-collections/commons-collections/3.2.1/commons-collections-3.2.1.jar:/Users/bulandmalik/.m2/repository/org/projectlombok/lombok/1.18.22/lombok-1.18.22.jar:/Users/bulandmalik/.m2/repository/javax/annotation/javax.annotation-api/1.3.2/javax.annotation-api-1.3.2.jar:/Users/bulandmalik/.m2/repository/org/mockito/mockito-core/3.7.0/mockito-core-3.7.0.jar:/Users/bulandmalik/.m2/repository/net/bytebuddy/byte-buddy/1.12.17/byte-buddy-1.12.17.jar:/Users/bulandmalik/.m2/repository/net/bytebuddy/byte-buddy-agent/1.12.17/byte-buddy-agent-1.12.17.jar:/Users/bulandmalik/.m2/repository/org/objenesis/objenesis/3.1/objenesis-3.1.jar:/Users/bulandmalik/.m2/repository/org/mockito/mockito-inline/3.7.0/mockito-inline-3.7.0.jar:/Users/bulandmalik/.m2/repository/org/mockito/mockito-junit-jupiter/3.7.0/mockito-junit-jupiter-3.7.0.jar:/Users/bulandmalik/.m2/repository/org/junit/jupiter/junit-jupiter-api/5.5.2/junit-jupiter-api-5.5.2.jar:/Users/bulandmalik/.m2/repository/org/apiguardian/apiguardian-api/1.1.0/apiguardian-api-1.1.0.jar:/Users/bulandmalik/.m2/repository/org/opentest4j/opentest4j/1.2.0/opentest4j-1.2.0.jar:/Users/bulandmalik/.m2/repository/org/junit/platform/junit-platform-commons/1.5.2/junit-platform-commons-1.5.2.jar:/Users/bulandmalik/.m2/repository/org/junit/jupiter/junit-jupiter/5.8.2/junit-jupiter-5.8.2.jar:/Users/bulandmalik/.m2/repository/org/junit/jupiter/junit-jupiter-params/5.5.2/junit-jupiter-params-5.5.2.jar:/Users/bulandmalik/.m2/repository/org/junit/jupiter/junit-jupiter-engine/5.5.2/junit-jupiter-engine-5.5.2.jar:/Users/bulandmalik/.m2/repository/org/junit/platform/junit-platform-engine/1.5.2/junit-platform-engine-1.5.2.jar:/Users/bulandmalik/.m2/repository/org/springframework/boot/spring-boot-starter-test/2.7.4/spring-boot-starter-test-2.7.4.jar:/Users/bulandmalik/.m2/repository/org/springframework/boot/spring-boot-test/2.7.4/spring-boot-test-2.7.4.jar:/Users/bulandmalik/.m2/repository/org/springframework/boot/spring-boot-test-autoconfigure/2.7.4/spring-boot-test-autoconfigure-2.7.4.jar:/Users/bulandmalik/.m2/repository/com/jayway/jsonpath/json-path/2.7.0/json-path-2.7.0.jar:/Users/bulandmalik/.m2/repository/net/minidev/json-smart/2.4.8/json-smart-2.4.8.jar:/Users/bulandmalik/.m2/repository/net/minidev/accessors-smart/2.4.8/accessors-smart-2.4.8.jar:/Users/bulandmalik/.m2/repository/org/ow2/asm/asm/9.1/asm-9.1.jar:/Users/bulandmalik/.m2/repository/org/slf4j/slf4j-api/1.7.36/slf4j-api-1.7.36.jar:/Users/bulandmalik/.m2/repository/jakarta/xml/bind/jakarta.xml.bind-api/2.3.3/jakarta.xml.bind-api-2.3.3.jar:/Users/bulandmalik/.m2/repository/jakarta/activation/jakarta.activation-api/1.2.2/jakarta.activation-api-1.2.2.jar:/Users/bulandmalik/.m2/repository/org/assertj/assertj-core/3.22.0/assertj-core-3.22.0.jar:/Users/bulandmalik/.m2/repository/org/hamcrest/hamcrest/2.2/hamcrest-2.2.jar:/Users/bulandmalik/.m2/repository/org/skyscreamer/jsonassert/1.5.1/jsonassert-1.5.1.jar:/Users/bulandmalik/.m2/repository/com/vaadin/external/google/android-json/0.0.20131108.vaadin1/android-json-0.0.20131108.vaadin1.jar:/Users/bulandmalik/.m2/repository/org/springframework/spring-test/5.2.5.RELEASE/spring-test-5.2.5.RELEASE.jar:/Users/bulandmalik/.m2/repository/org/xmlunit/xmlunit-core/2.9.0/xmlunit-core-2.9.0.jar:"/>
    <property name="sun.cpu.endian" value="little"/>
    <property name="user.home" value="/Users/bulandmalik"/>
    <property name="user.language" value="en"/>
    <property name="java.specification.vendor" value="Oracle Corporation"/>
    <property name="java.version.date" value="2022-08-12"/>
    <property name="java.home" value="/Library/Java/JavaVirtualMachines/temurin-17.jdk/Contents/Home"/>
    <property name="file.separator" value="/"/>
    <property name="basedir" value="/Users/bulandmalik/git/personal/myownstuff/javaprojects/featureflag-sdk"/>
    <property name="java.vm.compressedOopsMode" value="Zero based"/>
    <property name="line.separator" value="&#10;"/>
    <property name="java.vm.specification.vendor" value="Oracle Corporation"/>
    <property name="java.specification.name" value="Java Platform API Specification"/>
    <property name="surefire.real.class.path" value="/Users/bulandmalik/git/personal/myownstuff/javaprojects/featureflag-sdk/target/surefire/surefirebooter-20230109221059412_5.jar"/>
    <property name="sun.management.compiler" value="HotSpot 64-Bit Tiered Compilers"/>
    <property name="ftp.nonProxyHosts" value="local|*.local|169.254/16|*.169.254/16"/>
    <property name="java.runtime.version" value="17.0.4.1+1"/>
    <property name="user.name" value="bulandmalik"/>
    <property name="path.separator" value=":"/>
    <property name="os.version" value="12.6.1"/>
    <property name="java.runtime.name" value="OpenJDK Runtime Environment"/>
    <property name="file.encoding" value="UTF-8"/>
    <property name="java.vm.name" value="OpenJDK 64-Bit Server VM"/>
    <property name="java.vendor.version" value="Temurin-17.0.4.1+1"/>
    <property name="localRepository" value="/Users/bulandmalik/.m2/repository"/>
    <property name="java.vendor.url.bug" value="https://github.com/adoptium/adoptium-support/issues"/>
    <property name="java.io.tmpdir" value="/var/folders/kf/brb8k35s4qqb5m6n00l9qtqw0000gn/T/"/>
    <property name="idea.version" value="2022.2.2"/>
    <property name="java.version" value="17.0.4.1"/>
    <property name="user.dir" value="/Users/bulandmalik/git/personal/myownstuff/javaprojects/featureflag-sdk"/>
    <property name="os.arch" value="aarch64"/>
    <property name="java.vm.specification.name" value="Java Virtual Machine Specification"/>
    <property name="native.encoding" value="UTF-8"/>
    <property name="java.library.path" value="/Users/bulandmalik/Library/Java/Extensions:/Library/Java/Extensions:/Network/Library/Java/Extensions:/System/Library/Java/Extensions:/usr/lib/java:."/>
    <property name="java.vm.info" value="mixed mode"/>
    <property name="java.vendor" value="Eclipse Adoptium"/>
    <property name="java.vm.version" value="17.0.4.1+1"/>
    <property name="sun.io.unicode.encoding" value="UnicodeBig"/>
    <property name="socksNonProxyHosts" value="local|*.local|169.254/16|*.169.254/16"/>
    <property name="java.class.version" value="61.0"/>
  </properties>
  <testcase name="createLdClientTest" classname="com.prescribenow.ffsdk.launchdarkly.utils.LaunchDarklyUtilsTest" time="1.082">
    <system-out><![CDATA[22:11:02.419 [LaunchDarkly-tasks-0] DEBUG com.launchdarkly.sdk.server.LDClient.Events - Posting diagnostic event to https://events.launchdarkly.com/diagnostic with payload: {"configuration":{"usingProxyAuthenticator":false,"customEventsURI":false,"eventsFlushIntervalMillis":3000,"eventsCapacity":10000,"userKeysCapacity":1000,"userKeysFlushIntervalMillis":300000,"dataStoreType":"memory","samplingInterval":0,"socketTimeoutMillis":500000,"streamingDisabled":false,"usingRelayDaemon":false,"connectTimeoutMillis":500000,"diagnosticRecordingIntervalMillis":900000,"customStreamURI":false,"customBaseURI":false,"usingProxy":false,"reconnectTimeMillis":1000,"startWaitMillis":5000,"allAttributesPrivate":false},"kind":"diagnostic-init","id":{"diagnosticId":"0497a54d-80e8-4093-bd75-59a3c8096511","sdkKeySuffix":"t-ket,"},"sdk":{"name":"java-server-sdk","version":"6.0.1"},"creationDate":1.673331062119E12,"platform":{"osVersion":"12.6.1","javaVersion":"17.0.4.1","osArch":"aarch64","name":"java","javaVendor":"Eclipse Adoptium","osName":"MacOS"}}
22:11:02.422 [main] INFO com.launchdarkly.sdk.server.LDClient.DataSource - Enabling streaming API
22:11:02.434 [main] INFO com.launchdarkly.sdk.server.LDClient - Waiting up to 5000 milliseconds for LaunchDarkly client to start...
22:11:02.434 [LaunchDarkly-streaming] DEBUG com.launchdarkly.sdk.server.LDClient.DataSource - Attempting to connect to SSE stream at https://stream.launchdarkly.com/all
22:11:03.124 [LaunchDarkly-streaming] INFO com.launchdarkly.sdk.server.LDClient.DataSource - Server returned HTTP error 401
22:11:03.128 [LaunchDarkly-streaming] DEBUG com.launchdarkly.sdk.server.LDClient.DataSource - Received StreamEvent: FaultEvent(com.launchdarkly.shaded.com.launchdarkly.eventsource.StreamHttpErrorException: Server returned HTTP error 401)
22:11:03.130 [LaunchDarkly-streaming] WARN com.launchdarkly.sdk.server.LDClient.DataSource - Encountered EventSource error: {}
com.launchdarkly.shaded.com.launchdarkly.eventsource.StreamHttpErrorException: Server returned HTTP error 401
	at com.launchdarkly.shaded.com.launchdarkly.eventsource.HttpConnectStrategy$Client.connect(HttpConnectStrategy.java:461)
	at com.launchdarkly.shaded.com.launchdarkly.eventsource.EventSource.tryStart(EventSource.java:292)
	at com.launchdarkly.shaded.com.launchdarkly.eventsource.EventSource.requireEvent(EventSource.java:580)
	at com.launchdarkly.shaded.com.launchdarkly.eventsource.EventSource.access$1200(EventSource.java:58)
	at com.launchdarkly.shaded.com.launchdarkly.eventsource.EventSource$IteratorImpl.hasNext(EventSource.java:556)
	at com.launchdarkly.sdk.server.StreamProcessor.lambda$start$1(StreamProcessor.java:185)
	at java.base/java.lang.Thread.run(Thread.java:833)
22:11:03.131 [LaunchDarkly-streaming] ERROR com.launchdarkly.sdk.server.LDClient.DataSource - Error in stream connection (giving up permanently): HTTP error 401 (invalid SDK key)
22:11:03.131 [main] WARN com.launchdarkly.sdk.server.LDClient - LaunchDarkly client was not successfully initialized
]]></system-out>
  </testcase>
</testsuite>