<?xml version="1.0" encoding="UTF-8"?>
<testsuite xmlns:xsi="http://www.w3.org/2001/XMLSchema-instance" xsi:noNamespaceSchemaLocation="https://maven.apache.org/surefire/maven-surefire-plugin/xsd/surefire-test-report.xsd" name="com.example.multimodule.application.DemoApplicationTest" time="1.404" tests="1" errors="0" skipped="0" failures="1">
  <properties>
    <property name="gopherProxySet" value="false"/>
    <property name="awt.toolkit" value="sun.lwawt.macosx.LWCToolkit"/>
    <property name="java.specification.version" value="11"/>
    <property name="sun.cpu.isalist" value=""/>
    <property name="sun.jnu.encoding" value="UTF-8"/>
    <property name="java.class.path" value="/Users/bulandmalik/git/personal/myownstuff/javaprojects/springboot/mulmod/application/target/test-classes:/Users/bulandmalik/git/personal/myownstuff/javaprojects/springboot/mulmod/application/target/classes:/Users/bulandmalik/.m2/repository/org/springframework/boot/spring-boot-starter-actuator/2.5.7/spring-boot-starter-actuator-2.5.7.jar:/Users/bulandmalik/.m2/repository/org/springframework/boot/spring-boot-starter/2.5.7/spring-boot-starter-2.5.7.jar:/Users/bulandmalik/.m2/repository/org/springframework/boot/spring-boot/2.5.7/spring-boot-2.5.7.jar:/Users/bulandmalik/.m2/repository/org/springframework/boot/spring-boot-autoconfigure/2.5.7/spring-boot-autoconfigure-2.5.7.jar:/Users/bulandmalik/.m2/repository/org/springframework/boot/spring-boot-starter-logging/2.5.7/spring-boot-starter-logging-2.5.7.jar:/Users/bulandmalik/.m2/repository/ch/qos/logback/logback-classic/1.2.7/logback-classic-1.2.7.jar:/Users/bulandmalik/.m2/repository/ch/qos/logback/logback-core/1.2.7/logback-core-1.2.7.jar:/Users/bulandmalik/.m2/repository/org/apache/logging/log4j/log4j-to-slf4j/2.14.1/log4j-to-slf4j-2.14.1.jar:/Users/bulandmalik/.m2/repository/org/apache/logging/log4j/log4j-api/2.14.1/log4j-api-2.14.1.jar:/Users/bulandmalik/.m2/repository/org/slf4j/jul-to-slf4j/1.7.32/jul-to-slf4j-1.7.32.jar:/Users/bulandmalik/.m2/repository/jakarta/annotation/jakarta.annotation-api/1.3.5/jakarta.annotation-api-1.3.5.jar:/Users/bulandmalik/.m2/repository/org/yaml/snakeyaml/1.28/snakeyaml-1.28.jar:/Users/bulandmalik/.m2/repository/org/springframework/boot/spring-boot-actuator-autoconfigure/2.5.7/spring-boot-actuator-autoconfigure-2.5.7.jar:/Users/bulandmalik/.m2/repository/org/springframework/boot/spring-boot-actuator/2.5.7/spring-boot-actuator-2.5.7.jar:/Users/bulandmalik/.m2/repository/com/fasterxml/jackson/core/jackson-databind/2.12.5/jackson-databind-2.12.5.jar:/Users/bulandmalik/.m2/repository/com/fasterxml/jackson/core/jackson-annotations/2.12.5/jackson-annotations-2.12.5.jar:/Users/bulandmalik/.m2/repository/com/fasterxml/jackson/core/jackson-core/2.12.5/jackson-core-2.12.5.jar:/Users/bulandmalik/.m2/repository/com/fasterxml/jackson/datatype/jackson-datatype-jsr310/2.12.5/jackson-datatype-jsr310-2.12.5.jar:/Users/bulandmalik/.m2/repository/io/micrometer/micrometer-core/1.7.6/micrometer-core-1.7.6.jar:/Users/bulandmalik/.m2/repository/org/hdrhistogram/HdrHistogram/2.1.12/HdrHistogram-2.1.12.jar:/Users/bulandmalik/.m2/repository/org/latencyutils/LatencyUtils/2.0.3/LatencyUtils-2.0.3.jar:/Users/bulandmalik/.m2/repository/org/springframework/boot/spring-boot-starter-web/2.5.7/spring-boot-starter-web-2.5.7.jar:/Users/bulandmalik/.m2/repository/org/springframework/boot/spring-boot-starter-json/2.5.7/spring-boot-starter-json-2.5.7.jar:/Users/bulandmalik/.m2/repository/com/fasterxml/jackson/datatype/jackson-datatype-jdk8/2.12.5/jackson-datatype-jdk8-2.12.5.jar:/Users/bulandmalik/.m2/repository/com/fasterxml/jackson/module/jackson-module-parameter-names/2.12.5/jackson-module-parameter-names-2.12.5.jar:/Users/bulandmalik/.m2/repository/org/springframework/boot/spring-boot-starter-tomcat/2.5.7/spring-boot-starter-tomcat-2.5.7.jar:/Users/bulandmalik/.m2/repository/org/apache/tomcat/embed/tomcat-embed-core/9.0.55/tomcat-embed-core-9.0.55.jar:/Users/bulandmalik/.m2/repository/org/apache/tomcat/embed/tomcat-embed-el/9.0.55/tomcat-embed-el-9.0.55.jar:/Users/bulandmalik/.m2/repository/org/apache/tomcat/embed/tomcat-embed-websocket/9.0.55/tomcat-embed-websocket-9.0.55.jar:/Users/bulandmalik/.m2/repository/org/springframework/spring-web/5.3.13/spring-web-5.3.13.jar:/Users/bulandmalik/.m2/repository/org/springframework/spring-beans/5.3.13/spring-beans-5.3.13.jar:/Users/bulandmalik/.m2/repository/org/springframework/spring-webmvc/5.3.13/spring-webmvc-5.3.13.jar:/Users/bulandmalik/.m2/repository/org/springframework/spring-aop/5.3.13/spring-aop-5.3.13.jar:/Users/bulandmalik/.m2/repository/org/springframework/spring-context/5.3.13/spring-context-5.3.13.jar:/Users/bulandmalik/.m2/repository/org/springframework/spring-expression/5.3.13/spring-expression-5.3.13.jar:/Users/bulandmalik/git/personal/myownstuff/javaprojects/springboot/mulmod/library/target/library-complete-0.0.1-SNAPSHOT.jar:/Users/bulandmalik/.m2/repository/org/springframework/boot/spring-boot-starter-test/2.5.7/spring-boot-starter-test-2.5.7.jar:/Users/bulandmalik/.m2/repository/org/springframework/boot/spring-boot-test/2.5.7/spring-boot-test-2.5.7.jar:/Users/bulandmalik/.m2/repository/org/springframework/boot/spring-boot-test-autoconfigure/2.5.7/spring-boot-test-autoconfigure-2.5.7.jar:/Users/bulandmalik/.m2/repository/com/jayway/jsonpath/json-path/2.5.0/json-path-2.5.0.jar:/Users/bulandmalik/.m2/repository/net/minidev/json-smart/2.4.7/json-smart-2.4.7.jar:/Users/bulandmalik/.m2/repository/net/minidev/accessors-smart/2.4.7/accessors-smart-2.4.7.jar:/Users/bulandmalik/.m2/repository/org/ow2/asm/asm/9.1/asm-9.1.jar:/Users/bulandmalik/.m2/repository/org/slf4j/slf4j-api/1.7.32/slf4j-api-1.7.32.jar:/Users/bulandmalik/.m2/repository/jakarta/xml/bind/jakarta.xml.bind-api/2.3.3/jakarta.xml.bind-api-2.3.3.jar:/Users/bulandmalik/.m2/repository/jakarta/activation/jakarta.activation-api/1.2.2/jakarta.activation-api-1.2.2.jar:/Users/bulandmalik/.m2/repository/org/assertj/assertj-core/3.19.0/assertj-core-3.19.0.jar:/Users/bulandmalik/.m2/repository/org/hamcrest/hamcrest/2.2/hamcrest-2.2.jar:/Users/bulandmalik/.m2/repository/org/junit/jupiter/junit-jupiter/5.7.2/junit-jupiter-5.7.2.jar:/Users/bulandmalik/.m2/repository/org/junit/jupiter/junit-jupiter-api/5.7.2/junit-jupiter-api-5.7.2.jar:/Users/bulandmalik/.m2/repository/org/apiguardian/apiguardian-api/1.1.0/apiguardian-api-1.1.0.jar:/Users/bulandmalik/.m2/repository/org/opentest4j/opentest4j/1.2.0/opentest4j-1.2.0.jar:/Users/bulandmalik/.m2/repository/org/junit/platform/junit-platform-commons/1.7.2/junit-platform-commons-1.7.2.jar:/Users/bulandmalik/.m2/repository/org/junit/jupiter/junit-jupiter-params/5.7.2/junit-jupiter-params-5.7.2.jar:/Users/bulandmalik/.m2/repository/org/junit/jupiter/junit-jupiter-engine/5.7.2/junit-jupiter-engine-5.7.2.jar:/Users/bulandmalik/.m2/repository/org/junit/platform/junit-platform-engine/1.7.2/junit-platform-engine-1.7.2.jar:/Users/bulandmalik/.m2/repository/org/mockito/mockito-core/3.9.0/mockito-core-3.9.0.jar:/Users/bulandmalik/.m2/repository/net/bytebuddy/byte-buddy/1.10.22/byte-buddy-1.10.22.jar:/Users/bulandmalik/.m2/repository/net/bytebuddy/byte-buddy-agent/1.10.22/byte-buddy-agent-1.10.22.jar:/Users/bulandmalik/.m2/repository/org/objenesis/objenesis/3.2/objenesis-3.2.jar:/Users/bulandmalik/.m2/repository/org/mockito/mockito-junit-jupiter/3.9.0/mockito-junit-jupiter-3.9.0.jar:/Users/bulandmalik/.m2/repository/org/skyscreamer/jsonassert/1.5.0/jsonassert-1.5.0.jar:/Users/bulandmalik/.m2/repository/com/vaadin/external/google/android-json/0.0.20131108.vaadin1/android-json-0.0.20131108.vaadin1.jar:/Users/bulandmalik/.m2/repository/org/springframework/spring-core/5.3.13/spring-core-5.3.13.jar:/Users/bulandmalik/.m2/repository/org/springframework/spring-jcl/5.3.13/spring-jcl-5.3.13.jar:/Users/bulandmalik/.m2/repository/org/springframework/spring-test/5.3.13/spring-test-5.3.13.jar:/Users/bulandmalik/.m2/repository/org/xmlunit/xmlunit-core/2.8.3/xmlunit-core-2.8.3.jar:/Users/bulandmalik/.m2/repository/org/projectlombok/lombok/1.18.22/lombok-1.18.22.jar:"/>
    <property name="java.vm.vendor" value="Amazon.com Inc."/>
    <property name="sun.arch.data.model" value="64"/>
    <property name="java.vendor.url" value="https://aws.amazon.com/corretto/"/>
    <property name="user.timezone" value=""/>
    <property name="java.vm.specification.version" value="11"/>
    <property name="os.name" value="Mac OS X"/>
    <property name="sun.java.launcher" value="SUN_STANDARD"/>
    <property name="user.country" value="US"/>
    <property name="sun.boot.library.path" value="/Library/Java/JavaVirtualMachines/amazon-corretto-11.jdk/Contents/Home/lib"/>
    <property name="sun.java.command" value="/Users/bulandmalik/git/personal/myownstuff/javaprojects/springboot/mulmod/application/target/surefire/surefirebooter8498854541094431648.jar /Users/bulandmalik/git/personal/myownstuff/javaprojects/springboot/mulmod/application/target/surefire 2023-06-08T13-24-24_077-jvmRun1 surefire4358496634853934874tmp surefire_11190562920440039084tmp"/>
    <property name="http.nonProxyHosts" value="local|*.local|169.254/16|*.169.254/16"/>
    <property name="jdk.debug" value="release"/>
    <property name="surefire.test.class.path" value="/Users/bulandmalik/git/personal/myownstuff/javaprojects/springboot/mulmod/application/target/test-classes:/Users/bulandmalik/git/personal/myownstuff/javaprojects/springboot/mulmod/application/target/classes:/Users/bulandmalik/.m2/repository/org/springframework/boot/spring-boot-starter-actuator/2.5.7/spring-boot-starter-actuator-2.5.7.jar:/Users/bulandmalik/.m2/repository/org/springframework/boot/spring-boot-starter/2.5.7/spring-boot-starter-2.5.7.jar:/Users/bulandmalik/.m2/repository/org/springframework/boot/spring-boot/2.5.7/spring-boot-2.5.7.jar:/Users/bulandmalik/.m2/repository/org/springframework/boot/spring-boot-autoconfigure/2.5.7/spring-boot-autoconfigure-2.5.7.jar:/Users/bulandmalik/.m2/repository/org/springframework/boot/spring-boot-starter-logging/2.5.7/spring-boot-starter-logging-2.5.7.jar:/Users/bulandmalik/.m2/repository/ch/qos/logback/logback-classic/1.2.7/logback-classic-1.2.7.jar:/Users/bulandmalik/.m2/repository/ch/qos/logback/logback-core/1.2.7/logback-core-1.2.7.jar:/Users/bulandmalik/.m2/repository/org/apache/logging/log4j/log4j-to-slf4j/2.14.1/log4j-to-slf4j-2.14.1.jar:/Users/bulandmalik/.m2/repository/org/apache/logging/log4j/log4j-api/2.14.1/log4j-api-2.14.1.jar:/Users/bulandmalik/.m2/repository/org/slf4j/jul-to-slf4j/1.7.32/jul-to-slf4j-1.7.32.jar:/Users/bulandmalik/.m2/repository/jakarta/annotation/jakarta.annotation-api/1.3.5/jakarta.annotation-api-1.3.5.jar:/Users/bulandmalik/.m2/repository/org/yaml/snakeyaml/1.28/snakeyaml-1.28.jar:/Users/bulandmalik/.m2/repository/org/springframework/boot/spring-boot-actuator-autoconfigure/2.5.7/spring-boot-actuator-autoconfigure-2.5.7.jar:/Users/bulandmalik/.m2/repository/org/springframework/boot/spring-boot-actuator/2.5.7/spring-boot-actuator-2.5.7.jar:/Users/bulandmalik/.m2/repository/com/fasterxml/jackson/core/jackson-databind/2.12.5/jackson-databind-2.12.5.jar:/Users/bulandmalik/.m2/repository/com/fasterxml/jackson/core/jackson-annotations/2.12.5/jackson-annotations-2.12.5.jar:/Users/bulandmalik/.m2/repository/com/fasterxml/jackson/core/jackson-core/2.12.5/jackson-core-2.12.5.jar:/Users/bulandmalik/.m2/repository/com/fasterxml/jackson/datatype/jackson-datatype-jsr310/2.12.5/jackson-datatype-jsr310-2.12.5.jar:/Users/bulandmalik/.m2/repository/io/micrometer/micrometer-core/1.7.6/micrometer-core-1.7.6.jar:/Users/bulandmalik/.m2/repository/org/hdrhistogram/HdrHistogram/2.1.12/HdrHistogram-2.1.12.jar:/Users/bulandmalik/.m2/repository/org/latencyutils/LatencyUtils/2.0.3/LatencyUtils-2.0.3.jar:/Users/bulandmalik/.m2/repository/org/springframework/boot/spring-boot-starter-web/2.5.7/spring-boot-starter-web-2.5.7.jar:/Users/bulandmalik/.m2/repository/org/springframework/boot/spring-boot-starter-json/2.5.7/spring-boot-starter-json-2.5.7.jar:/Users/bulandmalik/.m2/repository/com/fasterxml/jackson/datatype/jackson-datatype-jdk8/2.12.5/jackson-datatype-jdk8-2.12.5.jar:/Users/bulandmalik/.m2/repository/com/fasterxml/jackson/module/jackson-module-parameter-names/2.12.5/jackson-module-parameter-names-2.12.5.jar:/Users/bulandmalik/.m2/repository/org/springframework/boot/spring-boot-starter-tomcat/2.5.7/spring-boot-starter-tomcat-2.5.7.jar:/Users/bulandmalik/.m2/repository/org/apache/tomcat/embed/tomcat-embed-core/9.0.55/tomcat-embed-core-9.0.55.jar:/Users/bulandmalik/.m2/repository/org/apache/tomcat/embed/tomcat-embed-el/9.0.55/tomcat-embed-el-9.0.55.jar:/Users/bulandmalik/.m2/repository/org/apache/tomcat/embed/tomcat-embed-websocket/9.0.55/tomcat-embed-websocket-9.0.55.jar:/Users/bulandmalik/.m2/repository/org/springframework/spring-web/5.3.13/spring-web-5.3.13.jar:/Users/bulandmalik/.m2/repository/org/springframework/spring-beans/5.3.13/spring-beans-5.3.13.jar:/Users/bulandmalik/.m2/repository/org/springframework/spring-webmvc/5.3.13/spring-webmvc-5.3.13.jar:/Users/bulandmalik/.m2/repository/org/springframework/spring-aop/5.3.13/spring-aop-5.3.13.jar:/Users/bulandmalik/.m2/repository/org/springframework/spring-context/5.3.13/spring-context-5.3.13.jar:/Users/bulandmalik/.m2/repository/org/springframework/spring-expression/5.3.13/spring-expression-5.3.13.jar:/Users/bulandmalik/git/personal/myownstuff/javaprojects/springboot/mulmod/library/target/library-complete-0.0.1-SNAPSHOT.jar:/Users/bulandmalik/.m2/repository/org/springframework/boot/spring-boot-starter-test/2.5.7/spring-boot-starter-test-2.5.7.jar:/Users/bulandmalik/.m2/repository/org/springframework/boot/spring-boot-test/2.5.7/spring-boot-test-2.5.7.jar:/Users/bulandmalik/.m2/repository/org/springframework/boot/spring-boot-test-autoconfigure/2.5.7/spring-boot-test-autoconfigure-2.5.7.jar:/Users/bulandmalik/.m2/repository/com/jayway/jsonpath/json-path/2.5.0/json-path-2.5.0.jar:/Users/bulandmalik/.m2/repository/net/minidev/json-smart/2.4.7/json-smart-2.4.7.jar:/Users/bulandmalik/.m2/repository/net/minidev/accessors-smart/2.4.7/accessors-smart-2.4.7.jar:/Users/bulandmalik/.m2/repository/org/ow2/asm/asm/9.1/asm-9.1.jar:/Users/bulandmalik/.m2/repository/org/slf4j/slf4j-api/1.7.32/slf4j-api-1.7.32.jar:/Users/bulandmalik/.m2/repository/jakarta/xml/bind/jakarta.xml.bind-api/2.3.3/jakarta.xml.bind-api-2.3.3.jar:/Users/bulandmalik/.m2/repository/jakarta/activation/jakarta.activation-api/1.2.2/jakarta.activation-api-1.2.2.jar:/Users/bulandmalik/.m2/repository/org/assertj/assertj-core/3.19.0/assertj-core-3.19.0.jar:/Users/bulandmalik/.m2/repository/org/hamcrest/hamcrest/2.2/hamcrest-2.2.jar:/Users/bulandmalik/.m2/repository/org/junit/jupiter/junit-jupiter/5.7.2/junit-jupiter-5.7.2.jar:/Users/bulandmalik/.m2/repository/org/junit/jupiter/junit-jupiter-api/5.7.2/junit-jupiter-api-5.7.2.jar:/Users/bulandmalik/.m2/repository/org/apiguardian/apiguardian-api/1.1.0/apiguardian-api-1.1.0.jar:/Users/bulandmalik/.m2/repository/org/opentest4j/opentest4j/1.2.0/opentest4j-1.2.0.jar:/Users/bulandmalik/.m2/repository/org/junit/platform/junit-platform-commons/1.7.2/junit-platform-commons-1.7.2.jar:/Users/bulandmalik/.m2/repository/org/junit/jupiter/junit-jupiter-params/5.7.2/junit-jupiter-params-5.7.2.jar:/Users/bulandmalik/.m2/repository/org/junit/jupiter/junit-jupiter-engine/5.7.2/junit-jupiter-engine-5.7.2.jar:/Users/bulandmalik/.m2/repository/org/junit/platform/junit-platform-engine/1.7.2/junit-platform-engine-1.7.2.jar:/Users/bulandmalik/.m2/repository/org/mockito/mockito-core/3.9.0/mockito-core-3.9.0.jar:/Users/bulandmalik/.m2/repository/net/bytebuddy/byte-buddy/1.10.22/byte-buddy-1.10.22.jar:/Users/bulandmalik/.m2/repository/net/bytebuddy/byte-buddy-agent/1.10.22/byte-buddy-agent-1.10.22.jar:/Users/bulandmalik/.m2/repository/org/objenesis/objenesis/3.2/objenesis-3.2.jar:/Users/bulandmalik/.m2/repository/org/mockito/mockito-junit-jupiter/3.9.0/mockito-junit-jupiter-3.9.0.jar:/Users/bulandmalik/.m2/repository/org/skyscreamer/jsonassert/1.5.0/jsonassert-1.5.0.jar:/Users/bulandmalik/.m2/repository/com/vaadin/external/google/android-json/0.0.20131108.vaadin1/android-json-0.0.20131108.vaadin1.jar:/Users/bulandmalik/.m2/repository/org/springframework/spring-core/5.3.13/spring-core-5.3.13.jar:/Users/bulandmalik/.m2/repository/org/springframework/spring-jcl/5.3.13/spring-jcl-5.3.13.jar:/Users/bulandmalik/.m2/repository/org/springframework/spring-test/5.3.13/spring-test-5.3.13.jar:/Users/bulandmalik/.m2/repository/org/xmlunit/xmlunit-core/2.8.3/xmlunit-core-2.8.3.jar:/Users/bulandmalik/.m2/repository/org/projectlombok/lombok/1.18.22/lombok-1.18.22.jar:"/>
    <property name="sun.cpu.endian" value="little"/>
    <property name="user.home" value="/Users/bulandmalik"/>
    <property name="user.language" value="en"/>
    <property name="java.specification.vendor" value="Oracle Corporation"/>
    <property name="java.version.date" value="2022-08-12"/>
    <property name="java.home" value="/Library/Java/JavaVirtualMachines/amazon-corretto-11.jdk/Contents/Home"/>
    <property name="file.separator" value="/"/>
    <property name="basedir" value="/Users/bulandmalik/git/personal/myownstuff/javaprojects/springboot/mulmod/application"/>
    <property name="java.vm.compressedOopsMode" value="Zero based"/>
    <property name="line.separator" value="&#10;"/>
    <property name="java.specification.name" value="Java Platform API Specification"/>
    <property name="java.vm.specification.vendor" value="Oracle Corporation"/>
    <property name="java.awt.graphicsenv" value="sun.awt.CGraphicsEnvironment"/>
    <property name="surefire.real.class.path" value="/Users/bulandmalik/git/personal/myownstuff/javaprojects/springboot/mulmod/application/target/surefire/surefirebooter8498854541094431648.jar"/>
    <property name="sun.management.compiler" value="HotSpot 64-Bit Tiered Compilers"/>
    <property name="ftp.nonProxyHosts" value="local|*.local|169.254/16|*.169.254/16"/>
    <property name="java.runtime.version" value="11.0.16.1+9-LTS"/>
    <property name="user.name" value="bulandmalik"/>
    <property name="path.separator" value=":"/>
    <property name="os.version" value="12.6.1"/>
    <property name="java.runtime.name" value="OpenJDK Runtime Environment"/>
    <property name="file.encoding" value="UTF-8"/>
    <property name="java.vm.name" value="OpenJDK 64-Bit Server VM"/>
    <property name="java.vendor.version" value="Corretto-11.0.16.9.1"/>
    <property name="localRepository" value="/Users/bulandmalik/.m2/repository"/>
    <property name="java.vendor.url.bug" value="https://github.com/corretto/corretto-11/issues/"/>
    <property name="java.io.tmpdir" value="/var/folders/kf/brb8k35s4qqb5m6n00l9qtqw0000gn/T/"/>
    <property name="idea.version" value="2022.2.2"/>
    <property name="java.version" value="11.0.16.1"/>
    <property name="user.dir" value="/Users/bulandmalik/git/personal/myownstuff/javaprojects/springboot/mulmod/application"/>
    <property name="os.arch" value="aarch64"/>
    <property name="java.vm.specification.name" value="Java Virtual Machine Specification"/>
    <property name="java.awt.printerjob" value="sun.lwawt.macosx.CPrinterJob"/>
    <property name="sun.os.patch.level" value="unknown"/>
    <property name="java.library.path" value="/Users/bulandmalik/Library/Java/Extensions:/Library/Java/Extensions:/Network/Library/Java/Extensions:/System/Library/Java/Extensions:/usr/lib/java:."/>
    <property name="java.vm.info" value="mixed mode"/>
    <property name="java.vendor" value="Amazon.com Inc."/>
    <property name="java.vm.version" value="11.0.16.1+9-LTS"/>
    <property name="sun.io.unicode.encoding" value="UnicodeBig"/>
    <property name="java.class.version" value="55.0"/>
    <property name="socksNonProxyHosts" value="local|*.local|169.254/16|*.169.254/16"/>
  </properties>
  <testcase name="contextLoads" classname="com.example.multimodule.application.DemoApplicationTest" time="0.168">
    <failure message="&#10;Expecting actual not to be null" type="java.lang.AssertionError">java.lang.AssertionError: 

Expecting actual not to be null
	at com.example.multimodule.application.DemoApplicationTest.contextLoads(DemoApplicationTest.java:27)
</failure>
    <system-out><![CDATA[13:24:26.768 [main] DEBUG org.springframework.test.context.BootstrapUtils - Instantiating CacheAwareContextLoaderDelegate from class [org.springframework.test.context.cache.DefaultCacheAwareContextLoaderDelegate]
13:24:26.773 [main] DEBUG org.springframework.test.context.BootstrapUtils - Instantiating BootstrapContext using constructor [public org.springframework.test.context.support.DefaultBootstrapContext(java.lang.Class,org.springframework.test.context.CacheAwareContextLoaderDelegate)]
13:24:26.791 [main] DEBUG org.springframework.test.context.BootstrapUtils - Instantiating TestContextBootstrapper for test class [com.example.multimodule.application.DemoApplicationTest] from class [org.springframework.boot.test.context.SpringBootTestContextBootstrapper]
13:24:26.796 [main] INFO org.springframework.boot.test.context.SpringBootTestContextBootstrapper - Neither @ContextConfiguration nor @ContextHierarchy found for test class [com.example.multimodule.application.DemoApplicationTest], using SpringBootContextLoader
13:24:26.798 [main] DEBUG org.springframework.test.context.support.AbstractContextLoader - Did not detect default resource location for test class [com.example.multimodule.application.DemoApplicationTest]: class path resource [com/example/multimodule/application/DemoApplicationTest-context.xml] does not exist
13:24:26.798 [main] DEBUG org.springframework.test.context.support.AbstractContextLoader - Did not detect default resource location for test class [com.example.multimodule.application.DemoApplicationTest]: class path resource [com/example/multimodule/application/DemoApplicationTestContext.groovy] does not exist
13:24:26.798 [main] INFO org.springframework.test.context.support.AbstractContextLoader - Could not detect default resource locations for test class [com.example.multimodule.application.DemoApplicationTest]: no resource found for suffixes {-context.xml, Context.groovy}.
13:24:26.798 [main] INFO org.springframework.test.context.support.AnnotationConfigContextLoaderUtils - Could not detect default configuration classes for test class [com.example.multimodule.application.DemoApplicationTest]: DemoApplicationTest does not declare any static, non-private, non-final, nested classes annotated with @Configuration.
13:24:26.819 [main] DEBUG org.springframework.test.context.support.ActiveProfilesUtils - Could not find an 'annotation declaring class' for annotation type [org.springframework.test.context.ActiveProfiles] and class [com.example.multimodule.application.DemoApplicationTest]
13:24:26.848 [main] DEBUG org.springframework.context.annotation.ClassPathScanningCandidateComponentProvider - Identified candidate component class: file [/Users/bulandmalik/git/personal/myownstuff/javaprojects/springboot/mulmod/application/target/classes/com/example/multimodule/application/DemoApplication.class]
13:24:26.848 [main] INFO org.springframework.boot.test.context.SpringBootTestContextBootstrapper - Found @SpringBootConfiguration com.example.multimodule.application.DemoApplication for test class com.example.multimodule.application.DemoApplicationTest
13:24:26.890 [main] DEBUG org.springframework.boot.test.context.SpringBootTestContextBootstrapper - @TestExecutionListeners is not present for class [com.example.multimodule.application.DemoApplicationTest]: using defaults.
13:24:26.890 [main] INFO org.springframework.boot.test.context.SpringBootTestContextBootstrapper - Loaded default TestExecutionListener class names from location [META-INF/spring.factories]: [org.springframework.boot.test.mock.mockito.MockitoTestExecutionListener, org.springframework.boot.test.mock.mockito.ResetMocksTestExecutionListener, org.springframework.boot.test.autoconfigure.restdocs.RestDocsTestExecutionListener, org.springframework.boot.test.autoconfigure.web.client.MockRestServiceServerResetTestExecutionListener, org.springframework.boot.test.autoconfigure.web.servlet.MockMvcPrintOnlyOnFailureTestExecutionListener, org.springframework.boot.test.autoconfigure.web.servlet.WebDriverTestExecutionListener, org.springframework.boot.test.autoconfigure.webservices.client.MockWebServiceServerTestExecutionListener, org.springframework.test.context.web.ServletTestExecutionListener, org.springframework.test.context.support.DirtiesContextBeforeModesTestExecutionListener, org.springframework.test.context.event.ApplicationEventsTestExecutionListener, org.springframework.test.context.support.DependencyInjectionTestExecutionListener, org.springframework.test.context.support.DirtiesContextTestExecutionListener, org.springframework.test.context.transaction.TransactionalTestExecutionListener, org.springframework.test.context.jdbc.SqlScriptsTestExecutionListener, org.springframework.test.context.event.EventPublishingTestExecutionListener]
13:24:26.896 [main] DEBUG org.springframework.boot.test.context.SpringBootTestContextBootstrapper - Skipping candidate TestExecutionListener [org.springframework.test.context.transaction.TransactionalTestExecutionListener] due to a missing dependency. Specify custom listener classes or make the default listener classes and their required dependencies available. Offending class: [org/springframework/transaction/interceptor/TransactionAttributeSource]
13:24:26.896 [main] DEBUG org.springframework.boot.test.context.SpringBootTestContextBootstrapper - Skipping candidate TestExecutionListener [org.springframework.test.context.jdbc.SqlScriptsTestExecutionListener] due to a missing dependency. Specify custom listener classes or make the default listener classes and their required dependencies available. Offending class: [org/springframework/transaction/interceptor/TransactionAttribute]
13:24:26.896 [main] INFO org.springframework.boot.test.context.SpringBootTestContextBootstrapper - Using TestExecutionListeners: [org.springframework.test.context.web.ServletTestExecutionListener@23fb172e, org.springframework.test.context.support.DirtiesContextBeforeModesTestExecutionListener@64ba3208, org.springframework.test.context.event.ApplicationEventsTestExecutionListener@158a3b2e, org.springframework.boot.test.mock.mockito.MockitoTestExecutionListener@25a6944c, org.springframework.boot.test.autoconfigure.SpringBootDependencyInjectionTestExecutionListener@5e1fa5b1, org.springframework.test.context.support.DirtiesContextTestExecutionListener@6b00f608, org.springframework.test.context.event.EventPublishingTestExecutionListener@2f17e30d, org.springframework.boot.test.mock.mockito.ResetMocksTestExecutionListener@3e821657, org.springframework.boot.test.autoconfigure.restdocs.RestDocsTestExecutionListener@1d131e1b, org.springframework.boot.test.autoconfigure.web.client.MockRestServiceServerResetTestExecutionListener@71cf1b07, org.springframework.boot.test.autoconfigure.web.servlet.MockMvcPrintOnlyOnFailureTestExecutionListener@615091b8, org.springframework.boot.test.autoconfigure.web.servlet.WebDriverTestExecutionListener@4fce136b, org.springframework.boot.test.autoconfigure.webservices.client.MockWebServiceServerTestExecutionListener@4aa83f4f]
13:24:26.898 [main] DEBUG org.springframework.test.context.support.AbstractDirtiesContextTestExecutionListener - Before test class: context [DefaultTestContext@101639ae testClass = DemoApplicationTest, testInstance = [null], testMethod = [null], testException = [null], mergedContextConfiguration = [WebMergedContextConfiguration@4c550889 testClass = DemoApplicationTest, locations = '{}', classes = '{class com.example.multimodule.application.DemoApplication}', contextInitializerClasses = '[]', activeProfiles = '{}', propertySourceLocations = '{}', propertySourceProperties = '{org.springframework.boot.test.context.SpringBootTestContextBootstrapper=true}', contextCustomizers = set[org.springframework.boot.test.context.filter.ExcludeFilterContextCustomizer@2fb0623e, org.springframework.boot.test.json.DuplicateJsonObjectContextCustomizerFactory$DuplicateJsonObjectContextCustomizer@415b0b49, org.springframework.boot.test.mock.mockito.MockitoContextCustomizer@0, org.springframework.boot.test.web.client.TestRestTemplateContextCustomizer@60db1c0e, org.springframework.boot.test.autoconfigure.actuate.metrics.MetricsExportContextCustomizerFactory$DisableMetricExportContextCustomizer@50029372, org.springframework.boot.test.autoconfigure.properties.PropertyMappingContextCustomizer@0, org.springframework.boot.test.autoconfigure.web.servlet.WebDriverContextCustomizerFactory$Customizer@4e0ae11f, org.springframework.boot.test.context.SpringBootTestArgs@1, org.springframework.boot.test.context.SpringBootTestWebEnvironment@6ce139a4], resourceBasePath = 'src/main/webapp', contextLoader = 'org.springframework.boot.test.context.SpringBootContextLoader', parent = [null]], attributes = map['org.springframework.test.context.web.ServletTestExecutionListener.activateListener' -> true]], class annotated with @DirtiesContext [false] with mode [null].
13:24:26.929 [main] DEBUG org.springframework.boot.ApplicationServletEnvironment - Activating profiles []
13:24:26.932 [main] DEBUG org.springframework.test.context.support.TestPropertySourceUtils - Adding inlined properties to environment: {spring.jmx.enabled=false, org.springframework.boot.test.context.SpringBootTestContextBootstrapper=true}

  .   ____          _            __ _ _
 /\\ / ___'_ __ _ _(_)_ __  __ _ \ \ \ \
( ( )\___ | '_ | '_| | '_ \/ _` | \ \ \ \
 \\/  ___)| |_)| | | | | || (_| |  ) ) ) )
  '  |____| .__|_| |_|_| |_\__, | / / / /
 =========|_|==============|___/=/_/_/_/
 :: Spring Boot ::                (v2.5.7)

2023-06-08 13:24:27.067  INFO 61057 --- [           main] c.e.m.application.DemoApplicationTest    : Starting DemoApplicationTest using Java 11.0.16.1 on Bulands-MacBook-Pro.local with PID 61057 (started by bulandmalik in /Users/bulandmalik/git/personal/myownstuff/javaprojects/springboot/mulmod/application)
2023-06-08 13:24:27.067  INFO 61057 --- [           main] c.e.m.application.DemoApplicationTest    : No active profile set, falling back to default profiles: default
2023-06-08 13:24:27.499  INFO 61057 --- [           main] c.e.m.service.ServiceProperties          : message:
2023-06-08 13:24:27.912  INFO 61057 --- [           main] o.s.b.a.e.web.EndpointLinksResolver      : Exposing 1 endpoint(s) beneath base path '/actuator'
2023-06-08 13:24:27.935  INFO 61057 --- [           main] c.e.m.application.DemoApplicationTest    : Started DemoApplicationTest in 1.002 seconds (JVM running for 1.477)
2023-06-08 13:24:28.094  INFO 61057 --- [           main] c.e.m.application.DemoApplicationTest    : myService.message()::
]]></system-out>
  </testcase>
</testsuite>