<?xml version="1.0" encoding="UTF-8"?>
<testsuite xmlns:xsi="http://www.w3.org/2001/XMLSchema-instance" xsi:noNamespaceSchemaLocation="https://maven.apache.org/surefire/maven-surefire-plugin/xsd/surefire-test-report.xsd" name="com.example.multimodule.service.MyServiceTest" time="0.847" tests="1" errors="0" skipped="0" failures="0">
  <properties>
    <property name="gopherProxySet" value="false"/>
    <property name="awt.toolkit" value="sun.lwawt.macosx.LWCToolkit"/>
    <property name="java.specification.version" value="11"/>
    <property name="sun.cpu.isalist" value=""/>
    <property name="sun.jnu.encoding" value="UTF-8"/>
    <property name="java.class.path" value="/Users/bulandmalik/git/personal/myownstuff/javaprojects/springboot/mulmod/library/target/test-classes:/Users/bulandmalik/git/personal/myownstuff/javaprojects/springboot/mulmod/library/target/classes:/Users/bulandmalik/.m2/repository/org/springframework/boot/spring-boot-starter/2.5.7/spring-boot-starter-2.5.7.jar:/Users/bulandmalik/.m2/repository/org/springframework/boot/spring-boot/2.5.7/spring-boot-2.5.7.jar:/Users/bulandmalik/.m2/repository/org/springframework/spring-context/5.3.13/spring-context-5.3.13.jar:/Users/bulandmalik/.m2/repository/org/springframework/spring-aop/5.3.13/spring-aop-5.3.13.jar:/Users/bulandmalik/.m2/repository/org/springframework/spring-beans/5.3.13/spring-beans-5.3.13.jar:/Users/bulandmalik/.m2/repository/org/springframework/spring-expression/5.3.13/spring-expression-5.3.13.jar:/Users/bulandmalik/.m2/repository/org/springframework/boot/spring-boot-autoconfigure/2.5.7/spring-boot-autoconfigure-2.5.7.jar:/Users/bulandmalik/.m2/repository/org/springframework/boot/spring-boot-starter-logging/2.5.7/spring-boot-starter-logging-2.5.7.jar:/Users/bulandmalik/.m2/repository/ch/qos/logback/logback-classic/1.2.7/logback-classic-1.2.7.jar:/Users/bulandmalik/.m2/repository/ch/qos/logback/logback-core/1.2.7/logback-core-1.2.7.jar:/Users/bulandmalik/.m2/repository/org/apache/logging/log4j/log4j-to-slf4j/2.14.1/log4j-to-slf4j-2.14.1.jar:/Users/bulandmalik/.m2/repository/org/apache/logging/log4j/log4j-api/2.14.1/log4j-api-2.14.1.jar:/Users/bulandmalik/.m2/repository/org/slf4j/jul-to-slf4j/1.7.32/jul-to-slf4j-1.7.32.jar:/Users/bulandmalik/.m2/repository/jakarta/annotation/jakarta.annotation-api/1.3.5/jakarta.annotation-api-1.3.5.jar:/Users/bulandmalik/.m2/repository/org/springframework/spring-core/5.3.13/spring-core-5.3.13.jar:/Users/bulandmalik/.m2/repository/org/springframework/spring-jcl/5.3.13/spring-jcl-5.3.13.jar:/Users/bulandmalik/.m2/repository/org/yaml/snakeyaml/1.28/snakeyaml-1.28.jar:/Users/bulandmalik/.m2/repository/org/springframework/boot/spring-boot-starter-test/2.5.7/spring-boot-starter-test-2.5.7.jar:/Users/bulandmalik/.m2/repository/org/springframework/boot/spring-boot-test/2.5.7/spring-boot-test-2.5.7.jar:/Users/bulandmalik/.m2/repository/org/springframework/boot/spring-boot-test-autoconfigure/2.5.7/spring-boot-test-autoconfigure-2.5.7.jar:/Users/bulandmalik/.m2/repository/com/jayway/jsonpath/json-path/2.5.0/json-path-2.5.0.jar:/Users/bulandmalik/.m2/repository/net/minidev/json-smart/2.4.7/json-smart-2.4.7.jar:/Users/bulandmalik/.m2/repository/net/minidev/accessors-smart/2.4.7/accessors-smart-2.4.7.jar:/Users/bulandmalik/.m2/repository/org/ow2/asm/asm/9.1/asm-9.1.jar:/Users/bulandmalik/.m2/repository/org/slf4j/slf4j-api/1.7.32/slf4j-api-1.7.32.jar:/Users/bulandmalik/.m2/repository/jakarta/xml/bind/jakarta.xml.bind-api/2.3.3/jakarta.xml.bind-api-2.3.3.jar:/Users/bulandmalik/.m2/repository/jakarta/activation/jakarta.activation-api/1.2.2/jakarta.activation-api-1.2.2.jar:/Users/bulandmalik/.m2/repository/org/assertj/assertj-core/3.19.0/assertj-core-3.19.0.jar:/Users/bulandmalik/.m2/repository/org/hamcrest/hamcrest/2.2/hamcrest-2.2.jar:/Users/bulandmalik/.m2/repository/org/junit/jupiter/junit-jupiter/5.7.2/junit-jupiter-5.7.2.jar:/Users/bulandmalik/.m2/repository/org/junit/jupiter/junit-jupiter-api/5.7.2/junit-jupiter-api-5.7.2.jar:/Users/bulandmalik/.m2/repository/org/apiguardian/apiguardian-api/1.1.0/apiguardian-api-1.1.0.jar:/Users/bulandmalik/.m2/repository/org/opentest4j/opentest4j/1.2.0/opentest4j-1.2.0.jar:/Users/bulandmalik/.m2/repository/org/junit/platform/junit-platform-commons/1.7.2/junit-platform-commons-1.7.2.jar:/Users/bulandmalik/.m2/repository/org/junit/jupiter/junit-jupiter-params/5.7.2/junit-jupiter-params-5.7.2.jar:/Users/bulandmalik/.m2/repository/org/junit/jupiter/junit-jupiter-engine/5.7.2/junit-jupiter-engine-5.7.2.jar:/Users/bulandmalik/.m2/repository/org/junit/platform/junit-platform-engine/1.7.2/junit-platform-engine-1.7.2.jar:/Users/bulandmalik/.m2/repository/org/mockito/mockito-core/3.9.0/mockito-core-3.9.0.jar:/Users/bulandmalik/.m2/repository/net/bytebuddy/byte-buddy/1.10.22/byte-buddy-1.10.22.jar:/Users/bulandmalik/.m2/repository/net/bytebuddy/byte-buddy-agent/1.10.22/byte-buddy-agent-1.10.22.jar:/Users/bulandmalik/.m2/repository/org/objenesis/objenesis/3.2/objenesis-3.2.jar:/Users/bulandmalik/.m2/repository/org/mockito/mockito-junit-jupiter/3.9.0/mockito-junit-jupiter-3.9.0.jar:/Users/bulandmalik/.m2/repository/org/skyscreamer/jsonassert/1.5.0/jsonassert-1.5.0.jar:/Users/bulandmalik/.m2/repository/com/vaadin/external/google/android-json/0.0.20131108.vaadin1/android-json-0.0.20131108.vaadin1.jar:/Users/bulandmalik/.m2/repository/org/springframework/spring-test/5.3.13/spring-test-5.3.13.jar:/Users/bulandmalik/.m2/repository/org/xmlunit/xmlunit-core/2.8.3/xmlunit-core-2.8.3.jar:/Users/bulandmalik/.m2/repository/org/projectlombok/lombok/1.18.22/lombok-1.18.22.jar:/Users/bulandmalik/.m2/repository/org/apache/commons/commons-lang3/3.12.0/commons-lang3-3.12.0.jar:"/>
    <property name="java.vm.vendor" value="Amazon.com Inc."/>
    <property name="sun.arch.data.model" value="64"/>
    <property name="java.vendor.url" value="https://aws.amazon.com/corretto/"/>
    <property name="user.timezone" value=""/>
    <property name="java.vm.specification.version" value="11"/>
    <property name="os.name" value="Mac OS X"/>
    <property name="sun.java.launcher" value="SUN_STANDARD"/>
    <property name="user.country" value="US"/>
    <property name="sun.boot.library.path" value="/Library/Java/JavaVirtualMachines/amazon-corretto-11.jdk/Contents/Home/lib"/>
    <property name="sun.java.command" value="/Users/bulandmalik/git/personal/myownstuff/javaprojects/springboot/mulmod/library/target/surefire/surefirebooter4516135838003398176.jar /Users/bulandmalik/git/personal/myownstuff/javaprojects/springboot/mulmod/library/target/surefire 2023-06-12T16-33-26_382-jvmRun1 surefire663805318053242498tmp surefire_07617957962124136069tmp"/>
    <property name="http.nonProxyHosts" value="local|*.local|169.254/16|*.169.254/16"/>
    <property name="jdk.debug" value="release"/>
    <property name="surefire.test.class.path" value="/Users/bulandmalik/git/personal/myownstuff/javaprojects/springboot/mulmod/library/target/test-classes:/Users/bulandmalik/git/personal/myownstuff/javaprojects/springboot/mulmod/library/target/classes:/Users/bulandmalik/.m2/repository/org/springframework/boot/spring-boot-starter/2.5.7/spring-boot-starter-2.5.7.jar:/Users/bulandmalik/.m2/repository/org/springframework/boot/spring-boot/2.5.7/spring-boot-2.5.7.jar:/Users/bulandmalik/.m2/repository/org/springframework/spring-context/5.3.13/spring-context-5.3.13.jar:/Users/bulandmalik/.m2/repository/org/springframework/spring-aop/5.3.13/spring-aop-5.3.13.jar:/Users/bulandmalik/.m2/repository/org/springframework/spring-beans/5.3.13/spring-beans-5.3.13.jar:/Users/bulandmalik/.m2/repository/org/springframework/spring-expression/5.3.13/spring-expression-5.3.13.jar:/Users/bulandmalik/.m2/repository/org/springframework/boot/spring-boot-autoconfigure/2.5.7/spring-boot-autoconfigure-2.5.7.jar:/Users/bulandmalik/.m2/repository/org/springframework/boot/spring-boot-starter-logging/2.5.7/spring-boot-starter-logging-2.5.7.jar:/Users/bulandmalik/.m2/repository/ch/qos/logback/logback-classic/1.2.7/logback-classic-1.2.7.jar:/Users/bulandmalik/.m2/repository/ch/qos/logback/logback-core/1.2.7/logback-core-1.2.7.jar:/Users/bulandmalik/.m2/repository/org/apache/logging/log4j/log4j-to-slf4j/2.14.1/log4j-to-slf4j-2.14.1.jar:/Users/bulandmalik/.m2/repository/org/apache/logging/log4j/log4j-api/2.14.1/log4j-api-2.14.1.jar:/Users/bulandmalik/.m2/repository/org/slf4j/jul-to-slf4j/1.7.32/jul-to-slf4j-1.7.32.jar:/Users/bulandmalik/.m2/repository/jakarta/annotation/jakarta.annotation-api/1.3.5/jakarta.annotation-api-1.3.5.jar:/Users/bulandmalik/.m2/repository/org/springframework/spring-core/5.3.13/spring-core-5.3.13.jar:/Users/bulandmalik/.m2/repository/org/springframework/spring-jcl/5.3.13/spring-jcl-5.3.13.jar:/Users/bulandmalik/.m2/repository/org/yaml/snakeyaml/1.28/snakeyaml-1.28.jar:/Users/bulandmalik/.m2/repository/org/springframework/boot/spring-boot-starter-test/2.5.7/spring-boot-starter-test-2.5.7.jar:/Users/bulandmalik/.m2/repository/org/springframework/boot/spring-boot-test/2.5.7/spring-boot-test-2.5.7.jar:/Users/bulandmalik/.m2/repository/org/springframework/boot/spring-boot-test-autoconfigure/2.5.7/spring-boot-test-autoconfigure-2.5.7.jar:/Users/bulandmalik/.m2/repository/com/jayway/jsonpath/json-path/2.5.0/json-path-2.5.0.jar:/Users/bulandmalik/.m2/repository/net/minidev/json-smart/2.4.7/json-smart-2.4.7.jar:/Users/bulandmalik/.m2/repository/net/minidev/accessors-smart/2.4.7/accessors-smart-2.4.7.jar:/Users/bulandmalik/.m2/repository/org/ow2/asm/asm/9.1/asm-9.1.jar:/Users/bulandmalik/.m2/repository/org/slf4j/slf4j-api/1.7.32/slf4j-api-1.7.32.jar:/Users/bulandmalik/.m2/repository/jakarta/xml/bind/jakarta.xml.bind-api/2.3.3/jakarta.xml.bind-api-2.3.3.jar:/Users/bulandmalik/.m2/repository/jakarta/activation/jakarta.activation-api/1.2.2/jakarta.activation-api-1.2.2.jar:/Users/bulandmalik/.m2/repository/org/assertj/assertj-core/3.19.0/assertj-core-3.19.0.jar:/Users/bulandmalik/.m2/repository/org/hamcrest/hamcrest/2.2/hamcrest-2.2.jar:/Users/bulandmalik/.m2/repository/org/junit/jupiter/junit-jupiter/5.7.2/junit-jupiter-5.7.2.jar:/Users/bulandmalik/.m2/repository/org/junit/jupiter/junit-jupiter-api/5.7.2/junit-jupiter-api-5.7.2.jar:/Users/bulandmalik/.m2/repository/org/apiguardian/apiguardian-api/1.1.0/apiguardian-api-1.1.0.jar:/Users/bulandmalik/.m2/repository/org/opentest4j/opentest4j/1.2.0/opentest4j-1.2.0.jar:/Users/bulandmalik/.m2/repository/org/junit/platform/junit-platform-commons/1.7.2/junit-platform-commons-1.7.2.jar:/Users/bulandmalik/.m2/repository/org/junit/jupiter/junit-jupiter-params/5.7.2/junit-jupiter-params-5.7.2.jar:/Users/bulandmalik/.m2/repository/org/junit/jupiter/junit-jupiter-engine/5.7.2/junit-jupiter-engine-5.7.2.jar:/Users/bulandmalik/.m2/repository/org/junit/platform/junit-platform-engine/1.7.2/junit-platform-engine-1.7.2.jar:/Users/bulandmalik/.m2/repository/org/mockito/mockito-core/3.9.0/mockito-core-3.9.0.jar:/Users/bulandmalik/.m2/repository/net/bytebuddy/byte-buddy/1.10.22/byte-buddy-1.10.22.jar:/Users/bulandmalik/.m2/repository/net/bytebuddy/byte-buddy-agent/1.10.22/byte-buddy-agent-1.10.22.jar:/Users/bulandmalik/.m2/repository/org/objenesis/objenesis/3.2/objenesis-3.2.jar:/Users/bulandmalik/.m2/repository/org/mockito/mockito-junit-jupiter/3.9.0/mockito-junit-jupiter-3.9.0.jar:/Users/bulandmalik/.m2/repository/org/skyscreamer/jsonassert/1.5.0/jsonassert-1.5.0.jar:/Users/bulandmalik/.m2/repository/com/vaadin/external/google/android-json/0.0.20131108.vaadin1/android-json-0.0.20131108.vaadin1.jar:/Users/bulandmalik/.m2/repository/org/springframework/spring-test/5.3.13/spring-test-5.3.13.jar:/Users/bulandmalik/.m2/repository/org/xmlunit/xmlunit-core/2.8.3/xmlunit-core-2.8.3.jar:/Users/bulandmalik/.m2/repository/org/projectlombok/lombok/1.18.22/lombok-1.18.22.jar:/Users/bulandmalik/.m2/repository/org/apache/commons/commons-lang3/3.12.0/commons-lang3-3.12.0.jar:"/>
    <property name="sun.cpu.endian" value="little"/>
    <property name="user.home" value="/Users/bulandmalik"/>
    <property name="user.language" value="en"/>
    <property name="java.specification.vendor" value="Oracle Corporation"/>
    <property name="java.version.date" value="2022-08-12"/>
    <property name="java.home" value="/Library/Java/JavaVirtualMachines/amazon-corretto-11.jdk/Contents/Home"/>
    <property name="file.separator" value="/"/>
    <property name="basedir" value="/Users/bulandmalik/git/personal/myownstuff/javaprojects/springboot/mulmod/library"/>
    <property name="java.vm.compressedOopsMode" value="Zero based"/>
    <property name="line.separator" value="&#10;"/>
    <property name="java.specification.name" value="Java Platform API Specification"/>
    <property name="java.vm.specification.vendor" value="Oracle Corporation"/>
    <property name="java.awt.graphicsenv" value="sun.awt.CGraphicsEnvironment"/>
    <property name="surefire.real.class.path" value="/Users/bulandmalik/git/personal/myownstuff/javaprojects/springboot/mulmod/library/target/surefire/surefirebooter4516135838003398176.jar"/>
    <property name="sun.management.compiler" value="HotSpot 64-Bit Tiered Compilers"/>
    <property name="ftp.nonProxyHosts" value="local|*.local|169.254/16|*.169.254/16"/>
    <property name="java.runtime.version" value="11.0.16.1+9-LTS"/>
    <property name="user.name" value="bulandmalik"/>
    <property name="path.separator" value=":"/>
    <property name="os.version" value="12.6.1"/>
    <property name="java.runtime.name" value="OpenJDK Runtime Environment"/>
    <property name="file.encoding" value="UTF-8"/>
    <property name="java.vm.name" value="OpenJDK 64-Bit Server VM"/>
    <property name="java.vendor.version" value="Corretto-11.0.16.9.1"/>
    <property name="localRepository" value="/Users/bulandmalik/.m2/repository"/>
    <property name="java.vendor.url.bug" value="https://github.com/corretto/corretto-11/issues/"/>
    <property name="java.io.tmpdir" value="/var/folders/kf/brb8k35s4qqb5m6n00l9qtqw0000gn/T/"/>
    <property name="idea.version" value="2022.2.2"/>
    <property name="java.version" value="11.0.16.1"/>
    <property name="user.dir" value="/Users/bulandmalik/git/personal/myownstuff/javaprojects/springboot/mulmod/library"/>
    <property name="os.arch" value="aarch64"/>
    <property name="java.vm.specification.name" value="Java Virtual Machine Specification"/>
    <property name="java.awt.printerjob" value="sun.lwawt.macosx.CPrinterJob"/>
    <property name="sun.os.patch.level" value="unknown"/>
    <property name="java.library.path" value="/Users/bulandmalik/Library/Java/Extensions:/Library/Java/Extensions:/Network/Library/Java/Extensions:/System/Library/Java/Extensions:/usr/lib/java:."/>
    <property name="java.vm.info" value="mixed mode"/>
    <property name="java.vendor" value="Amazon.com Inc."/>
    <property name="java.vm.version" value="11.0.16.1+9-LTS"/>
    <property name="sun.io.unicode.encoding" value="UnicodeBig"/>
    <property name="java.class.version" value="55.0"/>
    <property name="socksNonProxyHosts" value="local|*.local|169.254/16|*.169.254/16"/>
  </properties>
  <testcase name="contextLoads" classname="com.example.multimodule.service.MyServiceTest" time="0.205"/>
</testsuite>